<?xml version="1.0" encoding="UTF-8"?>
<testng-results skipped="0" failed="0" total="1" passed="1">
  <reporter-output>
  </reporter-output>
  <suite name="Default suite" duration-ms="15778" started-at="2016-04-18T12:42:03Z" finished-at="2016-04-18T12:42:18Z">
    <groups>
    </groups>
    <test name="Default test" duration-ms="15778" started-at="2016-04-18T12:42:03Z" finished-at="2016-04-18T12:42:18Z">
      <class name="test.Auto_framework">
        <test-method status="PASS" signature="beforeMethod()[pri:0, instance:test.Auto_framework@24aa663f]" name="beforeMethod" is-config="true" duration-ms="15317" started-at="2016-04-18T18:12:03Z" finished-at="2016-04-18T18:12:18Z">
          <reporter-output>
          </reporter-output>
        </test-method> <!-- beforeMethod -->
        <test-method status="PASS" signature="main()[pri:0, instance:test.Auto_framework@24aa663f]" name="main" duration-ms="443" started-at="2016-04-18T18:12:18Z" finished-at="2016-04-18T18:12:18Z">
          <reporter-output>
          </reporter-output>
        </test-method> <!-- main -->
      </class> <!-- test.Auto_framework -->
    </test> <!-- Default test -->
  </suite> <!-- Default suite -->
</testng-results>
